<?xml version="1.0" encoding="UTF-8"?>
<!-- Generated by org.testng.reporters.JUnitReportReporter -->
<testsuite hostname="LAPTOP-9PB051CR" failures="0" tests="3" name="com.ecommerce.qa.testcases.Search" time="8.884" errors="0" timestamp="2023-02-18T12:20:57 IST" skipped="0">
  <testcase classname="com.ecommerce.qa.testcases.Search" name="verifySearchWithValidProduct" time="3.181"/>
  <system-out/>
  <testcase classname="com.ecommerce.qa.testcases.Search" name="verifySearchWithInvalidProduct" time="2.841"/>
  <system-out/>
  <testcase classname="com.ecommerce.qa.testcases.Search" name="verifySearchWithoutAnyProduct" time="2.862"/>
  <system-out/>
</testsuite> <!-- com.ecommerce.qa.testcases.Search -->
