<?xml version="1.0" encoding="UTF-8"?>
<!-- Generated by org.testng.reporters.JUnitReportReporter -->
<testsuite hostname="LAPTOP-9PB051CR" failures="0" tests="7" name="com.ecommerce.qa.testcases.Login" time="25.004" errors="0" timestamp="2023-02-19T13:57:23 IST" skipped="0">
  <testcase classname="com.ecommerce.qa.testcases.Login" name="verifyLoginWithValidCredentials" time="3.395"/>
  <system-out/>
  <testcase classname="com.ecommerce.qa.testcases.Login" name="verifyLoginWithValidCredentials" time="3.298"/>
  <system-out/>
  <testcase classname="com.ecommerce.qa.testcases.Login" name="verifyLoginWithValidCredentials" time="3.755"/>
  <system-out/>
  <testcase classname="com.ecommerce.qa.testcases.Login" name="verifyLoginWithInValidCredentials" time="3.676"/>
  <system-out/>
  <testcase classname="com.ecommerce.qa.testcases.Login" name="verifyLoginWithInvalidEmailAndValidPassword" time="3.966"/>
  <system-out/>
  <testcase classname="com.ecommerce.qa.testcases.Login" name="verifyLoginWithValidEmailAndInvalidPassword" time="3.363"/>
  <system-out/>
  <testcase classname="com.ecommerce.qa.testcases.Login" name="verifyLoginWithoutProvidingCredentials" time="3.551"/>
  <system-out/>
</testsuite> <!-- com.ecommerce.qa.testcases.Login -->
