<?xml version="1.0" encoding="UTF-8"?>
<!-- Generated by org.testng.reporters.JUnitReportReporter -->
<testsuite hostname="LAPTOP-9PB051CR" failures="0" tests="7" name="com.ecommerce.qa.testcases.Login" time="24.634" errors="0" timestamp="2023-02-18T12:20:57 IST" skipped="0">
  <testcase classname="com.ecommerce.qa.testcases.Login" name="verifyLoginWithValidCredentials" time="3.561"/>
  <system-out/>
  <testcase classname="com.ecommerce.qa.testcases.Login" name="verifyLoginWithValidCredentials" time="3.453"/>
  <system-out/>
  <testcase classname="com.ecommerce.qa.testcases.Login" name="verifyLoginWithValidCredentials" time="3.514"/>
  <system-out/>
  <testcase classname="com.ecommerce.qa.testcases.Login" name="verifyLoginWithInValidCredentials" time="3.348"/>
  <system-out/>
  <testcase classname="com.ecommerce.qa.testcases.Login" name="verifyLoginWithInvalidEmailAndValidPassword" time="3.786"/>
  <system-out/>
  <testcase classname="com.ecommerce.qa.testcases.Login" name="verifyLoginWithValidEmailAndInvalidPassword" time="3.771"/>
  <system-out/>
  <testcase classname="com.ecommerce.qa.testcases.Login" name="verifyLoginWithoutProvidingCredentials" time="3.201"/>
  <system-out/>
</testsuite> <!-- com.ecommerce.qa.testcases.Login -->
