<?xml version="1.0" encoding="UTF-8"?>
<!-- Generated by org.testng.reporters.JUnitReportReporter -->
<testsuite hostname="LAPTOP-9PB051CR" failures="0" tests="3" name="com.ecommerce.qa.testcases.Search" time="9.874" errors="0" timestamp="2023-02-19T13:57:23 IST" skipped="0">
  <testcase classname="com.ecommerce.qa.testcases.Search" name="verifySearchWithValidProduct" time="3.474"/>
  <system-out/>
  <testcase classname="com.ecommerce.qa.testcases.Search" name="verifySearchWithInvalidProduct" time="3.209"/>
  <system-out/>
  <testcase classname="com.ecommerce.qa.testcases.Search" name="verifySearchWithoutAnyProduct" time="3.191"/>
  <system-out/>
</testsuite> <!-- com.ecommerce.qa.testcases.Search -->
