<?xml version="1.0" encoding="UTF-8"?>
<!-- Generated by org.testng.reporters.JUnitReportReporter -->
<testsuite hostname="LAPTOP-9PB051CR" failures="0" tests="4" name="com.ecommerce.qa.testcases.Register" time="17.197" errors="0" timestamp="2023-02-19T13:57:23 IST" skipped="0">
  <testcase classname="com.ecommerce.qa.testcases.Register" name="verifyRegisteringAccountWithMandatoryFields" time="5.686"/>
  <system-out/>
  <testcase classname="com.ecommerce.qa.testcases.Register" name="verifyRegisteringAccountWithAllFields" time="4.134"/>
  <system-out/>
  <testcase classname="com.ecommerce.qa.testcases.Register" name="verifyRegisteringAccountWithExistingEmailAddress" time="3.929"/>
  <system-out/>
  <testcase classname="com.ecommerce.qa.testcases.Register" name="verifyRegisteringAccountWithoutFillingAnyDetails" time="3.448"/>
  <system-out/>
</testsuite> <!-- com.ecommerce.qa.testcases.Register -->
