<?xml version="1.0" encoding="UTF-8"?>
<!-- Generated by org.testng.reporters.JUnitReportReporter -->
<testsuite hostname="LAPTOP-9PB051CR" failures="0" tests="4" name="com.ecommerce.qa.testcases.Register" time="17.349" errors="0" timestamp="2023-02-18T12:20:57 IST" skipped="0">
  <testcase classname="com.ecommerce.qa.testcases.Register" name="verifyRegisteringAccountWithMandatoryFields" time="5.847"/>
  <system-out/>
  <testcase classname="com.ecommerce.qa.testcases.Register" name="verifyRegisteringAccountWithAllFields" time="3.989"/>
  <system-out/>
  <testcase classname="com.ecommerce.qa.testcases.Register" name="verifyRegisteringAccountWithExistingEmailAddress" time="4.170"/>
  <system-out/>
  <testcase classname="com.ecommerce.qa.testcases.Register" name="verifyRegisteringAccountWithoutFillingAnyDetails" time="3.343"/>
  <system-out/>
</testsuite> <!-- com.ecommerce.qa.testcases.Register -->
